<?xml version="1.0" encoding="UTF-8"?>
<testsuite xmlns:xsi="http://www.w3.org/2001/XMLSchema-instance" xsi:noNamespaceSchemaLocation="https://maven.apache.org/surefire/maven-surefire-plugin/xsd/surefire-test-report-3.0.xsd" version="3.0" name="it.unibo.SCF_example.SCF_dependency_injection.ScfDependencyInjectionApplicationTests" time="4.317" tests="1" errors="0" skipped="0" failures="0">
  <properties>
[...]
</properties>
  <testcase name="contextLoads" classname="it.unibo.SCF_example.SCF_dependency_injection.ScfDependencyInjectionApplicationTests" time="1.21">
    <system-out><![CDATA[00:01:54.461 [main] INFO org.springframework.test.context.support.AnnotationConfigContextLoaderUtils -- Could not detect default configuration classes for test class [it.unibo.SCF_example.SCF_dependency_injection.ScfDependencyInjectionApplicationTests]: ScfDependencyInjectionApplicationTests does not declare any static, non-private, non-final, nested classes annotated with @Configuration.
00:01:54.550 [main] INFO org.springframework.boot.test.context.SpringBootTestContextBootstrapper -- Found @SpringBootConfiguration it.unibo.SCF_example.SCF_dependency_injection.ScfDependencyInjectionApplication for test class it.unibo.SCF_example.SCF_dependency_injection.ScfDependencyInjectionApplicationTests

  .   ____          _            __ _ _
 /\\ / ___'_ __ _ _(_)_ __  __ _ \ \ \ \
( ( )\___ | '_ | '_| | '_ \/ _` | \ \ \ \
 \\/  ___)| |_)| | | | | || (_| |  ) ) ) )
  '  |____| .__|_| |_|_| |_\__, | / / / /
 =========|_|==============|___/=/_/_/_/
 :: Spring Boot ::                (v3.2.4)

2024-03-24T00:01:55.404+01:00  INFO 27392 --- [SCF_dependency_injection] [           main] S.ScfDependencyInjectionApplicationTests : Starting ScfDependencyInjectionApplicationTests using Java 17.0.4.1 with PID 27392 (started by Fabio Gentili in C:\Users\Fabio Gentili\Desktop\SCF_dependency_injection\SCF_dependency_injection)
2024-03-24T00:01:55.407+01:00  INFO 27392 --- [SCF_dependency_injection] [           main] S.ScfDependencyInjectionApplicationTests : No active profile set, falling back to 1 default profile: "default"
2024-03-24T00:01:57.279+01:00  INFO 27392 --- [SCF_dependency_injection] [           main] o.s.c.f.web.mvc.FunctionHandlerMapping   : FunctionCatalog: org.springframework.cloud.function.context.catalog.BeanFactoryAwareFunctionRegistry@64942607
2024-03-24T00:01:57.322+01:00  INFO 27392 --- [SCF_dependency_injection] [           main] S.ScfDependencyInjectionApplicationTests : Started ScfDependencyInjectionApplicationTests in 2.436 seconds (process running for 3.63)
]]></system-out>
  </testcase>
</testsuite>